10:21:45 **** Incremental Build of configuration Debug for project LPC55S69_Project_2 ****
make -r -j8 all 
Building file: ../board/pin_mux.c
Invoking: MCU C Compiler
arm-none-eabi-gcc -D__REDLIB__ -DCPU_LPC55S69JBD100 -DCPU_LPC55S69JBD100_cm33 -DCPU_LPC55S69JBD100_cm33_core0 -DSERIAL_PORT_TYPE_UART=1 -DSDK_OS_BAREMETAL -DSDK_DEBUGCONSOLE=0 -DCR_INTEGER_PRINTF -DPRINTF_FLOAT_ENABLE=0 -D__MCUXPRESSO -D__USE_CMSIS -DDEBUG -I"C:\Users\shoba\Documents\MCUXpressoIDE_11.10.0_3148\workspace\LPC55S69_Project_2\board" -I"C:\Users\shoba\Documents\MCUXpressoIDE_11.10.0_3148\workspace\LPC55S69_Project_2\source" -I"C:\Users\shoba\Documents\MCUXpressoIDE_11.10.0_3148\workspace\LPC55S69_Project_2\utilities" -I"C:\Users\shoba\Documents\MCUXpressoIDE_11.10.0_3148\workspace\LPC55S69_Project_2\drivers" -I"C:\Users\shoba\Documents\MCUXpressoIDE_11.10.0_3148\workspace\LPC55S69_Project_2\component\uart" -I"C:\Users\shoba\Documents\MCUXpressoIDE_11.10.0_3148\workspace\LPC55S69_Project_2\component\serial_manager" -I"C:\Users\shoba\Documents\MCUXpressoIDE_11.10.0_3148\workspace\LPC55S69_Project_2\device" -I"C:\Users\shoba\Documents\MCUXpressoIDE_11.10.0_3148\workspace\LPC55S69_Project_2\CMSIS" -I"C:\Users\shoba\Documents\MCUXpressoIDE_11.10.0_3148\workspace\LPC55S69_Project_2\component\lists" -I"C:\Users\shoba\Documents\MCUXpressoIDE_11.10.0_3148\workspace\LPC55S69_Project_2\startup" -O0 -fno-common -g3 -gdwarf-4 -Wall -c -ffunction-sections -fdata-sections -fno-builtin -fmerge-constants -fmacro-prefix-map="../board/"= -mcpu=cortex-m33 -mfpu=fpv5-sp-d16 -mfloat-abi=hard -mthumb -D__REDLIB__ -fstack-usage -specs=redlib.specs -MMD -MP -MF"board/pin_mux.d" -MT"board/pin_mux.o" -MT"board/pin_mux.d" -o "board/pin_mux.o" "../board/pin_mux.c"
../board/pin_mux.c:23:10: fatal error: fsl_inputmux.h: No such file or directory
   23 | #include "fsl_inputmux.h"
      |          ^~~~~~~~~~~~~~~~
compilation terminated.
make[1]: *** [board/subdir.mk:29: board/pin_mux.o] Error 1
make: *** [makefile:43: all] Error 2
"make -r -j8 all" terminated with exit code 2. Build might be incomplete.

10:21:45 Build Failed. 3 errors, 0 warnings. (took 559ms)

